<?xml version="1.0" encoding="UTF-8"?>
<testsuite xmlns:xsi="http://www.w3.org/2001/XMLSchema-instance" xsi:noNamespaceSchemaLocation="https://maven.apache.org/surefire/maven-surefire-plugin/xsd/surefire-test-report-3.0.xsd" version="3.0" name="FinancingTests" time="0.052" tests="10" errors="0" skipped="0" failures="0">
  <properties>
[...]
</properties>
  <testcase name="constructorShouldCreateObjectWhenValidData" classname="FinancingTests" time="0.018"/>
  <testcase name="setMonthsShouldThrowIllegalArgumentExceptionWhenInvalidData" classname="FinancingTests" time="0.002"/>
  <testcase name="constructorShouldThrowIllegalArgumentExceptionWhenInvalidData" classname="FinancingTests" time="0.001"/>
  <testcase name="setMonthsShouldUpdateValueWhenValidData" classname="FinancingTests" time="0.0"/>
  <testcase name="setTotalAmountShouldThrowIllegalArgumentExceptionWhenInvalidData" classname="FinancingTests" time="0.0"/>
  <testcase name="setIncomeShouldThrowIllegalArgumentExceptionWhenInvalidData" classname="FinancingTests" time="0.0"/>
  <testcase name="quotaShouldCalculateCorrectlyWhenCalled" classname="FinancingTests" time="0.0"/>
  <testcase name="entryShouldCalculateCorrectlyWhenCalled" classname="FinancingTests" time="0.0"/>
  <testcase name="setIncomeShouldUpdateValueWhenValidData" classname="FinancingTests" time="0.001"/>
  <testcase name="setTotalAmountShouldUpdateValueWhenValidData" classname="FinancingTests" time="0.001"/>
</testsuite>